\BOOKMARK [0][-]{section*.1}{\376\377\000D\000e\000c\000l\000a\000r\000a\000t\000i\000o\000n\000\040\000o\000f\000\040\000A\000u\000t\000h\000o\000r\000s\000h\000i\000p}{}% 1
\BOOKMARK [0][-]{section*.2}{\376\377\000R\000e\000s\000p\000o\000n\000s\000i\000b\000i\000l\000i\000t\000y\000\040\000A\000l\000l\000o\000c\000a\000t\000i\000o\000n}{}% 2
\BOOKMARK [0][-]{section*.3}{\376\377\000A\000b\000s\000t\000r\000a\000c\000t}{}% 3
\BOOKMARK [0][-]{section*.4}{\376\377\000A\000c\000k\000n\000o\000w\000l\000e\000d\000g\000e\000m\000e\000n\000t\000s}{}% 4
\BOOKMARK [0][-]{chapter.7}{\376\377\000I\000n\000t\000r\000o\000d\000u\000c\000t\000i\000o\000n}{}% 5
\BOOKMARK [1][-]{section.8}{\376\377\000A\000n\000n\000i\000h\000i\000l\000a\000t\000i\000o\000n\000\040\000G\000a\000m\000m\000a\000\040\000R\000a\000y\000\040\000L\000a\000s\000e\000r}{chapter.7}% 6
\BOOKMARK [0][-]{chapter.9}{\376\377\000P\000o\000s\000i\000t\000r\000o\000n\000\040\000a\000n\000d\000\040\000P\000o\000s\000i\000t\000r\000o\000n\000i\000u\000m\000\040\000P\000r\000o\000d\000u\000c\000t\000i\000o\000n\000\040\000a\000n\000d\000\040\000S\000t\000o\000r\000a\000g\000e}{}% 7
\BOOKMARK [1][-]{section.10}{\376\377\000M\000a\000i\000n\000\040\000S\000e\000c\000t\000i\000o\000n\000\040\0001}{chapter.9}% 8
\BOOKMARK [2][-]{subsection.11}{\376\377\000S\000u\000b\000s\000e\000c\000t\000i\000o\000n\000\040\0001}{section.10}% 9
\BOOKMARK [2][-]{subsection.12}{\376\377\000S\000u\000b\000s\000e\000c\000t\000i\000o\000n\000\040\0002}{section.10}% 10
\BOOKMARK [1][-]{section.13}{\376\377\000M\000a\000i\000n\000\040\000S\000e\000c\000t\000i\000o\000n\000\040\0002}{chapter.9}% 11
\BOOKMARK [0][-]{chapter.14}{\376\377\000A\000n\000\040\000A\000n\000t\000i\000m\000a\000t\000t\000e\000r\000\040\000B\000o\000s\000e\000-\000E\000i\000n\000s\000t\000e\000i\000n\000\040\000C\000o\000n\000d\000e\000n\000s\000a\000t\000e}{}% 12
\BOOKMARK [1][-]{section.15}{\376\377\000M\000a\000i\000n\000\040\000S\000e\000c\000t\000i\000o\000n\000\040\0001}{chapter.14}% 13
\BOOKMARK [2][-]{subsection.16}{\376\377\000S\000u\000b\000s\000e\000c\000t\000i\000o\000n\000\040\0001}{section.15}% 14
\BOOKMARK [2][-]{subsection.17}{\376\377\000S\000u\000b\000s\000e\000c\000t\000i\000o\000n\000\040\0002}{section.15}% 15
\BOOKMARK [1][-]{section.18}{\376\377\000M\000a\000i\000n\000\040\000S\000e\000c\000t\000i\000o\000n\000\040\0002}{chapter.14}% 16
\BOOKMARK [0][-]{chapter.19}{\376\377\000G\000a\000m\000m\000a\000\040\000R\000a\000y\000\040\000L\000a\000s\000e\000r\000:\000\040\000P\000o\000s\000s\000i\000b\000l\000e\000\040\000A\000p\000p\000l\000i\000c\000a\000t\000i\000o\000n\000s}{}% 17
\BOOKMARK [1][-]{section.20}{\376\377\000M\000a\000i\000n\000\040\000S\000e\000c\000t\000i\000o\000n\000\040\0001}{chapter.19}% 18
\BOOKMARK [2][-]{subsection.21}{\376\377\000S\000u\000b\000s\000e\000c\000t\000i\000o\000n\000\040\0001}{section.20}% 19
\BOOKMARK [2][-]{subsection.22}{\376\377\000S\000u\000b\000s\000e\000c\000t\000i\000o\000n\000\040\0002}{section.20}% 20
\BOOKMARK [1][-]{section.23}{\376\377\000M\000a\000i\000n\000\040\000S\000e\000c\000t\000i\000o\000n\000\040\0002}{chapter.19}% 21
\BOOKMARK [0][-]{chapter.24}{\376\377\000G\000a\000m\000m\000a\000\040\000R\000a\000y\000\040\000L\000a\000s\000e\000r\000:\000\040\000U\000n\000s\000o\000l\000v\000e\000d\000\040\000C\000h\000a\000l\000l\000e\000n\000g\000e\000s}{}% 22
\BOOKMARK [1][-]{section.25}{\376\377\000M\000a\000i\000n\000\040\000S\000e\000c\000t\000i\000o\000n\000\040\0001}{chapter.24}% 23
\BOOKMARK [2][-]{subsection.26}{\376\377\000S\000u\000b\000s\000e\000c\000t\000i\000o\000n\000\040\0001}{section.25}% 24
\BOOKMARK [2][-]{subsection.27}{\376\377\000S\000u\000b\000s\000e\000c\000t\000i\000o\000n\000\040\0002}{section.25}% 25
\BOOKMARK [1][-]{section.28}{\376\377\000M\000a\000i\000n\000\040\000S\000e\000c\000t\000i\000o\000n\000\040\0002}{chapter.24}% 26
\BOOKMARK [0][-]{chapter.29}{\376\377\000G\000a\000m\000m\000a\000\040\000R\000a\000y\000\040\000L\000a\000s\000e\000r\000:\000\040\000C\000o\000n\000s\000t\000r\000u\000c\000t\000i\000o\000n\000\040\000C\000o\000s\000t\000\040\000a\000n\000d\000\040\000T\000i\000m\000e\000\040\000S\000c\000a\000l\000e}{}% 27
\BOOKMARK [1][-]{section.30}{\376\377\000M\000a\000i\000n\000\040\000S\000e\000c\000t\000i\000o\000n\000\040\0001}{chapter.29}% 28
\BOOKMARK [2][-]{subsection.31}{\376\377\000S\000u\000b\000s\000e\000c\000t\000i\000o\000n\000\040\0001}{section.30}% 29
\BOOKMARK [2][-]{subsection.32}{\376\377\000S\000u\000b\000s\000e\000c\000t\000i\000o\000n\000\040\0002}{section.30}% 30
\BOOKMARK [1][-]{section.33}{\376\377\000M\000a\000i\000n\000\040\000S\000e\000c\000t\000i\000o\000n\000\040\0002}{chapter.29}% 31
\BOOKMARK [0][-]{chapter.34}{\376\377\000F\000i\000n\000a\000l\000\040\000R\000e\000m\000a\000r\000k\000s}{}% 32
\BOOKMARK [1][-]{section.35}{\376\377\000M\000a\000i\000n\000\040\000S\000e\000c\000t\000i\000o\000n\000\040\0001}{chapter.34}% 33
\BOOKMARK [2][-]{subsection.36}{\376\377\000S\000u\000b\000s\000e\000c\000t\000i\000o\000n\000\040\0001}{section.35}% 34
\BOOKMARK [2][-]{subsection.37}{\376\377\000S\000u\000b\000s\000e\000c\000t\000i\000o\000n\000\040\0002}{section.35}% 35
\BOOKMARK [1][-]{section.38}{\376\377\000M\000a\000i\000n\000\040\000S\000e\000c\000t\000i\000o\000n\000\040\0002}{chapter.34}% 36
\BOOKMARK [0][-]{appendix.39}{\376\377\000R\000e\000f\000e\000r\000e\000n\000c\000e\000s}{}% 37
\BOOKMARK [0][-]{appendix.40}{\376\377\000A\000p\000p\000e\000n\000d\000i\000c\000e\000s\000\040\000D\000e\000s\000c\000r\000i\000p\000t\000i\000o\000n\000:\000\040\000S\000u\000p\000p\000o\000r\000t\000i\000n\000g\000\040\000E\000v\000i\000d\000e\000n\000c\000e\000\040\000o\000f\000\040\000t\000h\000e\000\040\000P\000r\000o\000j\000e\000c\000t\000\040\000D\000e\000v\000e\000l\000o\000p\000m\000e\000n\000t}{}% 38
\BOOKMARK [0][-]{appendix.41}{\376\377\000P\000r\000o\000j\000e\000c\000t\000\040\000M\000i\000l\000e\000s\000t\000o\000n\000e\000\040\000P\000l\000a\000n}{}% 39
\BOOKMARK [0][-]{appendix.42}{\376\377\000F\000o\000r\000m\000a\000l\000\040\000D\000e\000b\000r\000i\000e\000f\000\040\000o\000f\000\040\000P\000r\000o\000j\000e\000c\000t\000\040\000M\000e\000e\000t\000i\000n\000g\000s}{}% 40
\BOOKMARK [0][-]{appendix.43}{\376\377\000A\000s\000s\000e\000s\000s\000m\000e\000n\000t}{}% 41
